#! /usr/local/bin/vvp
:ivl_version "12.0 (stable)";
:ivl_delay_selection "TYPICAL";
:vpi_time_precision + 0;
:vpi_module "/usr/local/lib/ivl/system.vpi";
:vpi_module "/usr/local/lib/ivl/vhdl_sys.vpi";
:vpi_module "/usr/local/lib/ivl/vhdl_textio.vpi";
:vpi_module "/usr/local/lib/ivl/v2005_math.vpi";
:vpi_module "/usr/local/lib/ivl/va_math.vpi";
:vpi_module "/usr/local/lib/ivl/v2009.vpi";
S_0xdb93830 .scope package, "$unit" "$unit" 2 1;
 .timescale 0 0;
S_0xdb81580 .scope module, "tb_mux2to1" "tb_mux2to1" 3 3;
 .timescale 0 0;
v0xdbbd450_0 .var "a", 0 0;
v0xdbbd510_0 .var "b", 0 0;
v0xdbbd5e0_0 .var "sel", 0 0;
v0xdbbd6e0_0 .net "y", 0 0, L_0xdbbd7b0;  1 drivers
S_0xdb81710 .scope module, "uut" "mux2to1" 3 6, 4 2 0, S_0xdb81580;
 .timescale 0 0;
    .port_info 0 /INPUT 1 "a";
    .port_info 1 /INPUT 1 "b";
    .port_info 2 /INPUT 1 "sel";
    .port_info 3 /OUTPUT 1 "y";
v0xdba6460_0 .net "a", 0 0, v0xdbbd450_0;  1 drivers
v0xdbbd150_0 .net "b", 0 0, v0xdbbd510_0;  1 drivers
v0xdbbd210_0 .net "sel", 0 0, v0xdbbd5e0_0;  1 drivers
v0xdbbd2e0_0 .net "y", 0 0, L_0xdbbd7b0;  alias, 1 drivers
L_0xdbbd7b0 .functor MUXZ 1, v0xdbbd450_0, v0xdbbd510_0, v0xdbbd5e0_0, C4<>;
    .scope S_0xdb81580;
T_0 ;
    %vpi_call/w 3 13 "$display", " A B Sel | Y" {0 0 0};
    %vpi_call/w 3 14 "$display", "------------" {0 0 0};
    %pushi/vec4 0, 0, 1;
    %store/vec4 v0xdbbd450_0, 0, 1;
    %pushi/vec4 0, 0, 1;
    %store/vec4 v0xdbbd510_0, 0, 1;
    %pushi/vec4 0, 0, 1;
    %store/vec4 v0xdbbd5e0_0, 0, 1;
    %delay 10, 0;
    %vpi_call/w 3 16 "$display", "%b %b %b | %b", v0xdbbd450_0, v0xdbbd510_0, v0xdbbd5e0_0, v0xdbbd6e0_0 {0 0 0};
    %pushi/vec4 0, 0, 1;
    %store/vec4 v0xdbbd450_0, 0, 1;
    %pushi/vec4 1, 0, 1;
    %store/vec4 v0xdbbd510_0, 0, 1;
    %pushi/vec4 0, 0, 1;
    %store/vec4 v0xdbbd5e0_0, 0, 1;
    %delay 10, 0;
    %vpi_call/w 3 18 "$display", "%b %b %b | %b", v0xdbbd450_0, v0xdbbd510_0, v0xdbbd5e0_0, v0xdbbd6e0_0 {0 0 0};
    %pushi/vec4 1, 0, 1;
    %store/vec4 v0xdbbd450_0, 0, 1;
    %pushi/vec4 0, 0, 1;
    %store/vec4 v0xdbbd510_0, 0, 1;
    %pushi/vec4 0, 0, 1;
    %store/vec4 v0xdbbd5e0_0, 0, 1;
    %delay 10, 0;
    %vpi_call/w 3 20 "$display", "%b %b %b | %b", v0xdbbd450_0, v0xdbbd510_0, v0xdbbd5e0_0, v0xdbbd6e0_0 {0 0 0};
    %pushi/vec4 1, 0, 1;
    %store/vec4 v0xdbbd450_0, 0, 1;
    %pushi/vec4 1, 0, 1;
    %store/vec4 v0xdbbd510_0, 0, 1;
    %pushi/vec4 0, 0, 1;
    %store/vec4 v0xdbbd5e0_0, 0, 1;
    %delay 10, 0;
    %vpi_call/w 3 22 "$display", "%b %b %b | %b", v0xdbbd450_0, v0xdbbd510_0, v0xdbbd5e0_0, v0xdbbd6e0_0 {0 0 0};
    %pushi/vec4 1, 0, 1;
    %store/vec4 v0xdbbd5e0_0, 0, 1;
    %pushi/vec4 0, 0, 1;
    %store/vec4 v0xdbbd450_0, 0, 1;
    %pushi/vec4 0, 0, 1;
    %store/vec4 v0xdbbd510_0, 0, 1;
    %delay 10, 0;
    %vpi_call/w 3 25 "$display", "%b %b %b | %b", v0xdbbd450_0, v0xdbbd510_0, v0xdbbd5e0_0, v0xdbbd6e0_0 {0 0 0};
    %pushi/vec4 0, 0, 1;
    %store/vec4 v0xdbbd450_0, 0, 1;
    %pushi/vec4 1, 0, 1;
    %store/vec4 v0xdbbd510_0, 0, 1;
    %delay 10, 0;
    %vpi_call/w 3 27 "$display", "%b %b %b | %b", v0xdbbd450_0, v0xdbbd510_0, v0xdbbd5e0_0, v0xdbbd6e0_0 {0 0 0};
    %pushi/vec4 1, 0, 1;
    %store/vec4 v0xdbbd450_0, 0, 1;
    %pushi/vec4 0, 0, 1;
    %store/vec4 v0xdbbd510_0, 0, 1;
    %delay 10, 0;
    %vpi_call/w 3 29 "$display", "%b %b %b | %b", v0xdbbd450_0, v0xdbbd510_0, v0xdbbd5e0_0, v0xdbbd6e0_0 {0 0 0};
    %pushi/vec4 1, 0, 1;
    %store/vec4 v0xdbbd450_0, 0, 1;
    %pushi/vec4 1, 0, 1;
    %store/vec4 v0xdbbd510_0, 0, 1;
    %delay 10, 0;
    %vpi_call/w 3 31 "$display", "%b %b %b | %b", v0xdbbd450_0, v0xdbbd510_0, v0xdbbd5e0_0, v0xdbbd6e0_0 {0 0 0};
    %vpi_call/w 3 32 "$finish" {0 0 0};
    %end;
    .thread T_0;
# The file index is used to find the file name in the following table.
:file_names 5;
    "N/A";
    "<interactive>";
    "-";
    "testbench.sv";
    "design.sv";
